# JRE version: OpenJDK Runtime Environment (7.0_91-b01) (build 1.7.0_91-b01)
# Java VM: OpenJDK 64-Bit Server VM (24.91-b01 mixed mode linux-amd64 compressed oops)
Heap
 PSYoungGen      total 305152K, used 0K [0x00000000eba80000, 0x00000000ffd00000, 0x0000000100000000)
  eden space 282112K, 0% used [0x00000000eba80000,0x00000000eba80000,0x00000000fce00000)
  from space 23040K, 0% used [0x00000000fce00000,0x00000000fce00000,0x00000000fe480000)
  to   space 22016K, 0% used [0x00000000fe780000,0x00000000fe780000,0x00000000ffd00000)
 ParOldGen       total 366080K, used 363885K [0x00000000c3000000, 0x00000000d9580000, 0x00000000eba80000)
  object space 366080K, 99% used [0x00000000c3000000,0x00000000d935b438,0x00000000d9580000)
 PSPermGen       total 25600K, used 15400K [0x00000000b8a00000, 0x00000000ba300000, 0x00000000c3000000)
  object space 25600K, 60% used [0x00000000b8a00000,0x00000000b990a198,0x00000000ba300000)
GC Heap History (10 events):
Event: 162.955 GC heap after
Heap after GC invocations=133 (full 8):
 PSYoungGen      total 298496K, used 6304K [0x00000000eba80000, 0x00000000ffb80000, 0x0000000100000000)
  eden space 269824K, 0% used [0x00000000eba80000,0x00000000eba80000,0x00000000fc200000)
  from space 28672K, 21% used [0x00000000fc200000,0x00000000fc828000,0x00000000fde00000)
  to   space 27136K, 0% used [0x00000000fe100000,0x00000000fe100000,0x00000000ffb80000)
 ParOldGen       total 366080K, used 333081K [0x00000000c3000000, 0x00000000d9580000, 0x00000000eba80000)
  object space 366080K, 90% used [0x00000000c3000000,0x00000000d75466b8,0x00000000d9580000)
 PSPermGen       total 25600K, used 15400K [0x00000000b8a00000, 0x00000000ba300000, 0x00000000c3000000)
  object space 25600K, 60% used [0x00000000b8a00000,0x00000000b990a1b8,0x00000000ba300000)
}
Event: 163.310 GC heap before
{Heap before GC invocations=134 (full 8):
 PSYoungGen      total 298496K, used 276128K [0x00000000eba80000, 0x00000000ffb80000, 0x0000000100000000)
  eden space 269824K, 100% used [0x00000000eba80000,0x00000000fc200000,0x00000000fc200000)
  from space 28672K, 21% used [0x00000000fc200000,0x00000000fc828000,0x00000000fde00000)
  to   space 27136K, 0% used [0x00000000fe100000,0x00000000fe100000,0x00000000ffb80000)
 ParOldGen       total 366080K, used 333081K [0x00000000c3000000, 0x00000000d9580000, 0x00000000eba80000)
  object space 366080K, 90% used [0x00000000c3000000,0x00000000d75466b8,0x00000000d9580000)
 PSPermGen       total 25600K, used 15400K [0x00000000b8a00000, 0x00000000ba300000, 0x00000000c3000000)
  object space 25600K, 60% used [0x00000000b8a00000,0x00000000b990a1b8,0x00000000ba300000)
Event: 163.394 GC heap after
Heap after GC invocations=134 (full 8):
 PSYoungGen      total 303104K, used 6304K [0x00000000eba80000, 0x00000000ffb80000, 0x0000000100000000)
  eden space 275968K, 0% used [0x00000000eba80000,0x00000000eba80000,0x00000000fc800000)
  from space 27136K, 23% used [0x00000000fe100000,0x00000000fe728000,0x00000000ffb80000)
  to   space 25600K, 0% used [0x00000000fc800000,0x00000000fc800000,0x00000000fe100000)
 ParOldGen       total 366080K, used 339361K [0x00000000c3000000, 0x00000000d9580000, 0x00000000eba80000)
  object space 366080K, 92% used [0x00000000c3000000,0x00000000d7b686b8,0x00000000d9580000)
 PSPermGen       total 25600K, used 15400K [0x00000000b8a00000, 0x00000000ba300000, 0x00000000c3000000)
  object space 25600K, 60% used [0x00000000b8a00000,0x00000000b990a1b8,0x00000000ba300000)
}
Event: 163.756 GC heap before
{Heap before GC invocations=135 (full 8):
 PSYoungGen      total 303104K, used 282272K [0x00000000eba80000, 0x00000000ffb80000, 0x0000000100000000)
  eden space 275968K, 100% used [0x00000000eba80000,0x00000000fc800000,0x00000000fc800000)
  from space 27136K, 23% used [0x00000000fe100000,0x00000000fe728000,0x00000000ffb80000)
  to   space 25600K, 0% used [0x00000000fc800000,0x00000000fc800000,0x00000000fe100000)
 ParOldGen       total 366080K, used 339361K [0x00000000c3000000, 0x00000000d9580000, 0x00000000eba80000)
  object space 366080K, 92% used [0x00000000c3000000,0x00000000d7b686b8,0x00000000d9580000)
 PSPermGen       total 25600K, used 15400K [0x00000000b8a00000, 0x00000000ba300000, 0x00000000c3000000)
  object space 25600K, 60% used [0x00000000b8a00000,0x00000000b990a1b8,0x00000000ba300000)
Event: 163.829 GC heap after
Heap after GC invocations=135 (full 8):
 PSYoungGen      total 301568K, used 6464K [0x00000000eba80000, 0x00000000ffc80000, 0x0000000100000000)
  eden space 275968K, 0% used [0x00000000eba80000,0x00000000eba80000,0x00000000fc800000)
  from space 25600K, 25% used [0x00000000fc800000,0x00000000fce50000,0x00000000fe100000)
  to   space 24576K, 0% used [0x00000000fe480000,0x00000000fe480000,0x00000000ffc80000)
 ParOldGen       total 366080K, used 345641K [0x00000000c3000000, 0x00000000d9580000, 0x00000000eba80000)
  object space 366080K, 94% used [0x00000000c3000000,0x00000000d818a6b8,0x00000000d9580000)
 PSPermGen       total 25600K, used 15400K [0x00000000b8a00000, 0x00000000ba300000, 0x00000000c3000000)
  object space 25600K, 60% used [0x00000000b8a00000,0x00000000b990a1b8,0x00000000ba300000)
}
Event: 164.185 GC heap before
{Heap before GC invocations=136 (full 8):
 PSYoungGen      total 301568K, used 282432K [0x00000000eba80000, 0x00000000ffc80000, 0x0000000100000000)
  eden space 275968K, 100% used [0x00000000eba80000,0x00000000fc800000,0x00000000fc800000)
  from space 25600K, 25% used [0x00000000fc800000,0x00000000fce50000,0x00000000fe100000)
  to   space 24576K, 0% used [0x00000000fe480000,0x00000000fe480000,0x00000000ffc80000)
 ParOldGen       total 366080K, used 345641K [0x00000000c3000000, 0x00000000d9580000, 0x00000000eba80000)
  object space 366080K, 94% used [0x00000000c3000000,0x00000000d818a6b8,0x00000000d9580000)
 PSPermGen       total 25600K, used 15400K [0x00000000b8a00000, 0x00000000ba300000, 0x00000000c3000000)
  object space 25600K, 60% used [0x00000000b8a00000,0x00000000b990a1b8,0x00000000ba300000)
Event: 164.265 GC heap after
Heap after GC invocations=136 (full 8):
 PSYoungGen      total 306176K, used 6464K [0x00000000eba80000, 0x00000000ffc00000, 0x0000000100000000)
  eden space 282112K, 0% used [0x00000000eba80000,0x00000000eba80000,0x00000000fce00000)
  from space 24064K, 26% used [0x00000000fe480000,0x00000000fead0000,0x00000000ffc00000)
  to   space 23040K, 0% used [0x00000000fce00000,0x00000000fce00000,0x00000000fe480000)
 ParOldGen       total 366080K, used 352057K [0x00000000c3000000, 0x00000000d9580000, 0x00000000eba80000)
  object space 366080K, 96% used [0x00000000c3000000,0x00000000d87ce6b8,0x00000000d9580000)
 PSPermGen       total 25600K, used 15400K [0x00000000b8a00000, 0x00000000ba300000, 0x00000000c3000000)
  object space 25600K, 60% used [0x00000000b8a00000,0x00000000b990a1b8,0x00000000ba300000)
}
Event: 164.634 GC heap before
{Heap before GC invocations=137 (full 8):
 PSYoungGen      total 306176K, used 288576K [0x00000000eba80000, 0x00000000ffc00000, 0x0000000100000000)
  eden space 282112K, 100% used [0x00000000eba80000,0x00000000fce00000,0x00000000fce00000)
  from space 24064K, 26% used [0x00000000fe480000,0x00000000fead0000,0x00000000ffc00000)
  to   space 23040K, 0% used [0x00000000fce00000,0x00000000fce00000,0x00000000fe480000)
 ParOldGen       total 366080K, used 352057K [0x00000000c3000000, 0x00000000d9580000, 0x00000000eba80000)
  object space 366080K, 96% used [0x00000000c3000000,0x00000000d87ce6b8,0x00000000d9580000)
 PSPermGen       total 25600K, used 15400K [0x00000000b8a00000, 0x00000000ba300000, 0x00000000c3000000)
  object space 25600K, 60% used [0x00000000b8a00000,0x00000000b990a1b8,0x00000000ba300000)
Event: 164.722 GC heap after
Heap after GC invocations=137 (full 8):
 PSYoungGen      total 305152K, used 6592K [0x00000000eba80000, 0x00000000ffd00000, 0x0000000100000000)
  eden space 282112K, 0% used [0x00000000eba80000,0x00000000eba80000,0x00000000fce00000)
  from space 23040K, 28% used [0x00000000fce00000,0x00000000fd470000,0x00000000fe480000)
  to   space 22016K, 0% used [0x00000000fe780000,0x00000000fe780000,0x00000000ffd00000)
 ParOldGen       total 366080K, used 358481K [0x00000000c3000000, 0x00000000d9580000, 0x00000000eba80000)
  object space 366080K, 97% used [0x00000000c3000000,0x00000000d8e146b8,0x00000000d9580000)
 PSPermGen       total 25600K, used 15400K [0x00000000b8a00000, 0x00000000ba300000, 0x00000000c3000000)
  object space 25600K, 60% used [0x00000000b8a00000,0x00000000b990a1b8,0x00000000ba300000)
}
Event: 164.722 GC heap before
{Heap before GC invocations=138 (full 9):
 PSYoungGen      total 305152K, used 6592K [0x00000000eba80000, 0x00000000ffd00000, 0x0000000100000000)
  eden space 282112K, 0% used [0x00000000eba80000,0x00000000eba80000,0x00000000fce00000)
  from space 23040K, 28% used [0x00000000fce00000,0x00000000fd470000,0x00000000fe480000)
  to   space 22016K, 0% used [0x00000000fe780000,0x00000000fe780000,0x00000000ffd00000)
 ParOldGen       total 366080K, used 358481K [0x00000000c3000000, 0x00000000d9580000, 0x00000000eba80000)
  object space 366080K, 97% used [0x00000000c3000000,0x00000000d8e146b8,0x00000000d9580000)
 PSPermGen       total 25600K, used 15400K [0x00000000b8a00000, 0x00000000ba300000, 0x00000000c3000000)
  object space 25600K, 60% used [0x00000000b8a00000,0x00000000b990a1b8,0x00000000ba300000)

